MapLocation/app/build/intermediates/manifest_merge_blame_file/debug/manifest-merger-blame-debug-report.txt
1<?xml version="1.0" encoding="utf-8"?>
2<manifest xmlns:android="http://schemas.android.com/apk/res/android"
3    package="course.examples.maplocation" >
4
5    <uses-sdk
6        android:minSdkVersion="27"
6-->src\main\AndroidManifest.xml
7        android:targetSdkVersion="29" />
7-->src\main\AndroidManifest.xml
8
9    <application
9-->src\main\AndroidManifest.xml:5:5-18:19
10        android:allowBackup="false"
10-->src\main\AndroidManifest.xml:6:9-36
11        android:debuggable="true"
12        android:extractNativeLibs="false"
13        android:icon="@mipmap/ic_launcher"
13-->src\main\AndroidManifest.xml:7:9-43
14        android:label="MapLocation"
14-->src\main\AndroidManifest.xml:8:9-36
15        android:testOnly="true"
16        android:theme="@style/MaterialTheme" >
16-->src\main\AndroidManifest.xml:9:9-45
17        <activity android:name="course.examples.maplocation.MapLocation" >
17-->src\main\AndroidManifest.xml:11:9-17:20
17-->src\main\AndroidManifest.xml:11:19-73
18            <intent-filter>
18-->src\main\AndroidManifest.xml:12:13-16:29
19                <action android:name="android.intent.action.MAIN" />
19-->src\main\AndroidManifest.xml:13:17-69
19-->src\main\AndroidManifest.xml:13:25-66
20
21                <category android:name="android.intent.category.LAUNCHER" />
21-->src\main\AndroidManifest.xml:15:17-77
21-->src\main\AndroidManifest.xml:15:27-74
22            </intent-filter>
23        </activity>
24    </application>
25
26</manifest>